<?xml version="1.0" encoding="UTF-8"?>
<!-- Generated by org.testng.reporters.JUnitReportReporter -->
<testsuite hostname="JYR" name="Test.AppiumTest" tests="1" failures="0" timestamp="29 Jun 2016 10:11:32 GMT" time="15.369" errors="0">
  <testcase name="Test1" time="15.369" classname="Test.AppiumTest"/>
</testsuite> <!-- Test.AppiumTest -->
