<?xml version="1.0" encoding="UTF-8"?>
<!-- Generated by org.testng.reporters.JUnitReportReporter -->
<testsuite hostname="JYR" name="Test.AppiumTest" tests="1" failures="0" timestamp="30 Sep 2016 10:31:50 GMT" time="31.864" errors="0">
  <testcase name="Test1" time="31.864" classname="Test.AppiumTest"/>
</testsuite> <!-- Test.AppiumTest -->
