<?xml version="1.0" encoding="UTF-8"?>
<!-- Generated by org.testng.reporters.JUnitReportReporter -->
<testsuite hostname="JYR" name="Test.AppiumTest" tests="1" failures="0" timestamp="22 Aug 2016 09:34:24 GMT" time="384.494" errors="0">
  <testcase name="Test1" time="384.494" classname="Test.AppiumTest"/>
</testsuite> <!-- Test.AppiumTest -->
