<?xml version="1.0" encoding="UTF-8"?>
<!-- Generated by org.testng.reporters.JUnitReportReporter -->
<testsuite hostname="JYR" name="Test.TestForAppI30" tests="5" failures="0" timestamp="8 Oct 2016 08:59:21 GMT" time="872.392" errors="0">
  <testcase name="Test2" time="121.907" classname="Test.TestForAppI30"/>
  <testcase name="Test4" time="183.900" classname="Test.TestForAppI30"/>
  <testcase name="Test5" time="0.000" classname="Test.TestForAppI30"/>
  <testcase name="Test3" time="262.286" classname="Test.TestForAppI30"/>
  <testcase name="Test1" time="304.299" classname="Test.TestForAppI30"/>
</testsuite> <!-- Test.TestForAppI30 -->
