<?xml version="1.0" encoding="UTF-8"?>
<!-- Generated by org.testng.reporters.JUnitReportReporter -->
<testsuite hostname="Recluse-PC" name="Test.AppiumTest" tests="1" failures="0" timestamp="5 Jul 2016 15:45:15 GMT" time="24.134" errors="0">
  <testcase name="Test1" time="24.134" classname="Test.AppiumTest"/>
</testsuite> <!-- Test.AppiumTest -->
