<?xml version="1.0" encoding="UTF-8"?>
<!-- Generated by org.testng.reporters.JUnitReportReporter -->
<testsuite hostname="JYR" name="Test.AppiumTest" tests="1" failures="0" timestamp="11 Oct 2016 08:44:43 GMT" time="319.865" errors="0">
  <testcase name="Test1" time="319.865" classname="Test.AppiumTest"/>
</testsuite> <!-- Test.AppiumTest -->
