<?xml version="1.0" encoding="UTF-8"?>
<!-- Generated by org.testng.reporters.JUnitReportReporter -->
<testsuite hostname="JYR" name="Test.AppiumTest" tests="1" failures="0" timestamp="29 Jun 2016 09:54:53 GMT" time="13.026" errors="0">
  <testcase name="Test1" time="13.026" classname="Test.AppiumTest"/>
</testsuite> <!-- Test.AppiumTest -->
