<?xml version="1.0" encoding="UTF-8"?>
<!-- Generated by org.testng.reporters.JUnitReportReporter -->
<testsuite hostname="JYR" name="Test.AppiumTest" tests="1" failures="0" timestamp="24 Aug 2016 10:23:58 GMT" time="47.088" errors="0">
  <testcase name="Test3" time="47.088" classname="Test.AppiumTest"/>
</testsuite> <!-- Test.AppiumTest -->
