<?xml version="1.0" encoding="UTF-8"?>
<!-- Generated by org.testng.reporters.JUnitReportReporter -->
<testsuite hostname="JYR" name="Test.TestForAppI30" tests="5" failures="0" timestamp="11 Oct 2016 08:25:07 GMT" time="684.746" errors="3">
  <testcase name="Test5" time="1.016" classname="Test.TestForAppI30">
    <error type="org.openqa.selenium.remote.UnreachableBrowserException" message="Error communicating with the remote browser. It may have died.
Build info: version: &#039;2.53.0&#039;, revision: &#039;35ae25b&#039;, time: &#039;2016-03-15 16:57:40&#039;
System info: host: &#039;JYR&#039;, ip: &#039;192.168.1.67&#039;, os.name: &#039;Windows 8&#039;, os.arch: &#039;x86&#039;, os.version: &#039;6.2&#039;, java.version: &#039;1.7.0_25&#039;
Driver info: driver.version: AndroidDriver
Session ID: 7f735ab8-fbc5-4011-874b-25d96ba76037
Capabilities [{platform=ANDROID, app=E:\AndroidFiles\Workspace\DubbingShowAppiumTest\apps\dubbingshow.apk, javascriptEnabled=true, appActivity=com.happyteam.dubbingshow.ui.StartActivity, browserName=Android, autoLaunch=true, networkConnectionEnabled=true, noSign=noSign, desired={app=E:\AndroidFiles\Workspace\DubbingShowAppiumTest\apps\dubbingshow.apk, platform=ANDROID, appActivity=com.happyteam.dubbingshow.ui.StartActivity, autoLaunch=true, noSign=noSign, appPackage=com.happyteam.dubbingshow, noReset=true, newCommandTimeout=600, platformVersion=5.0.2, appWaitPackage=com.happyteam.dubbingshow, fullReset=false, deviceName=Ju, platformName=Android, appWaitActivity=com.happyteam.dubbingshow.ui.StartActivity, unicodeKeyboard=true}, locationContextEnabled=false, appPackage=com.happyteam.dubbingshow, noReset=true, newCommandTimeout=600, platformVersion=5.0.2, databaseEnabled=false, appWaitPackage=com.happyteam.dubbingshow, fullReset=false, platformName=Android, deviceName=Ju, appWaitActivity=com.happyteam.dubbingshow.ui.StartActivity, webStorageEnabled=false, unicodeKeyboard=true, warnings={}, takesScreenshot=true}]">
      <![CDATA[org.openqa.selenium.remote.UnreachableBrowserException: Error communicating with the remote browser. It may have died.
Build info: version: '2.53.0', revision: '35ae25b', time: '2016-03-15 16:57:40'
System info: host: 'JYR', ip: '192.168.1.67', os.name: 'Windows 8', os.arch: 'x86', os.version: '6.2', java.version: '1.7.0_25'
Driver info: driver.version: AndroidDriver
Session ID: 7f735ab8-fbc5-4011-874b-25d96ba76037
Capabilities [{platform=ANDROID, app=E:\AndroidFiles\Workspace\DubbingShowAppiumTest\apps\dubbingshow.apk, javascriptEnabled=true, appActivity=com.happyteam.dubbingshow.ui.StartActivity, browserName=Android, autoLaunch=true, networkConnectionEnabled=true, noSign=noSign, desired={app=E:\AndroidFiles\Workspace\DubbingShowAppiumTest\apps\dubbingshow.apk, platform=ANDROID, appActivity=com.happyteam.dubbingshow.ui.StartActivity, autoLaunch=true, noSign=noSign, appPackage=com.happyteam.dubbingshow, noReset=true, newCommandTimeout=600, platformVersion=5.0.2, appWaitPackage=com.happyteam.dubbingshow, fullReset=false, deviceName=Ju, platformName=Android, appWaitActivity=com.happyteam.dubbingshow.ui.StartActivity, unicodeKeyboard=true}, locationContextEnabled=false, appPackage=com.happyteam.dubbingshow, noReset=true, newCommandTimeout=600, platformVersion=5.0.2, databaseEnabled=false, appWaitPackage=com.happyteam.dubbingshow, fullReset=false, platformName=Android, deviceName=Ju, appWaitActivity=com.happyteam.dubbingshow.ui.StartActivity, webStorageEnabled=false, unicodeKeyboard=true, warnings={}, takesScreenshot=true}]
	at org.openqa.selenium.remote.RemoteWebDriver.execute(RemoteWebDriver.java:665)
	at io.appium.java_client.DefaultGenericMobileDriver.execute(DefaultGenericMobileDriver.java:43)
	at io.appium.java_client.AppiumDriver.execute(AppiumDriver.java:1)
	at io.appium.java_client.android.AndroidDriver.execute(AndroidDriver.java:1)
	at org.openqa.selenium.remote.RemoteWebDriver.findElement(RemoteWebDriver.java:363)
	at org.openqa.selenium.remote.RemoteWebDriver.findElementById(RemoteWebDriver.java:413)
	at io.appium.java_client.DefaultGenericMobileDriver.findElementById(DefaultGenericMobileDriver.java:59)
	at io.appium.java_client.AppiumDriver.findElementById(AppiumDriver.java:1)
	at io.appium.java_client.android.AndroidDriver.findElementById(AndroidDriver.java:1)
	at org.openqa.selenium.By$ById.findElement(By.java:218)
	at org.openqa.selenium.remote.RemoteWebDriver.findElement(RemoteWebDriver.java:355)
	at io.appium.java_client.DefaultGenericMobileDriver.findElement(DefaultGenericMobileDriver.java:51)
	at io.appium.java_client.AppiumDriver.findElement(AppiumDriver.java:1)
	at io.appium.java_client.android.AndroidDriver.findElement(AndroidDriver.java:1)
	at BaseClass.CirclePage.enterCircleDetailByRandom(CirclePage.java:106)
	at FuncTest.Circle.testCase01(Circle.java:56)
	at Test.TestForAppI30.Test5(TestForAppI30.java:109)
	at sun.reflect.NativeMethodAccessorImpl.invoke0(Native Method)
	at sun.reflect.NativeMethodAccessorImpl.invoke(Unknown Source)
	at sun.reflect.DelegatingMethodAccessorImpl.invoke(Unknown Source)
	at java.lang.reflect.Method.invoke(Unknown Source)
	at org.testng.internal.MethodInvocationHelper.invokeMethod(MethodInvocationHelper.java:85)
	at org.testng.internal.Invoker.invokeMethod(Invoker.java:639)
	at org.testng.internal.Invoker.invokeTestMethod(Invoker.java:816)
	at org.testng.internal.Invoker.invokeTestMethods(Invoker.java:1124)
	at org.testng.internal.TestMethodWorker.invokeTestMethods(TestMethodWorker.java:125)
	at org.testng.internal.TestMethodWorker.run(TestMethodWorker.java:108)
	at org.testng.TestRunner.privateRun(TestRunner.java:774)
	at org.testng.TestRunner.run(TestRunner.java:624)
	at org.testng.SuiteRunner.runTest(SuiteRunner.java:359)
	at org.testng.SuiteRunner.runSequentially(SuiteRunner.java:354)
	at org.testng.SuiteRunner.privateRun(SuiteRunner.java:312)
	at org.testng.SuiteRunner.run(SuiteRunner.java:261)
	at org.testng.SuiteRunnerWorker.runSuite(SuiteRunnerWorker.java:52)
	at org.testng.SuiteRunnerWorker.run(SuiteRunnerWorker.java:86)
	at org.testng.TestNG.runSuitesSequentially(TestNG.java:1215)
	at org.testng.TestNG.runSuitesLocally(TestNG.java:1140)
	at org.testng.TestNG.run(TestNG.java:1048)
	at org.testng.remote.RemoteTestNG.run(RemoteTestNG.java:112)
	at org.testng.remote.RemoteTestNG.initAndRun(RemoteTestNG.java:205)
	at org.testng.remote.RemoteTestNG.main(RemoteTestNG.java:176)
Caused by: org.openqa.selenium.WebDriverException: org.apache.http.conn.HttpHostConnectException: Connect to 0.0.0.0:4723 [/0.0.0.0] failed: Connection refused: connect
Build info: version: '2.53.0', revision: '35ae25b', time: '2016-03-15 16:57:40'
System info: host: 'JYR', ip: '192.168.1.67', os.name: 'Windows 8', os.arch: 'x86', os.version: '6.2', java.version: '1.7.0_25'
Driver info: driver.version: AndroidDriver
	at io.appium.java_client.remote.AppiumCommandExecutor.execute(AppiumCommandExecutor.java:76)
	at org.openqa.selenium.remote.RemoteWebDriver.execute(RemoteWebDriver.java:644)
	... 40 more
Caused by: org.apache.http.conn.HttpHostConnectException: Connect to 0.0.0.0:4723 [/0.0.0.0] failed: Connection refused: connect
	at org.apache.http.impl.conn.DefaultHttpClientConnectionOperator.connect(DefaultHttpClientConnectionOperator.java:151)
	at org.apache.http.impl.conn.PoolingHttpClientConnectionManager.connect(PoolingHttpClientConnectionManager.java:353)
	at org.apache.http.impl.execchain.MainClientExec.establishRoute(MainClientExec.java:380)
	at org.apache.http.impl.execchain.MainClientExec.execute(MainClientExec.java:236)
	at org.apache.http.impl.execchain.ProtocolExec.execute(ProtocolExec.java:184)
	at org.apache.http.impl.execchain.RetryExec.execute(RetryExec.java:88)
	at org.apache.http.impl.execchain.RedirectExec.execute(RedirectExec.java:110)
	at org.apache.http.impl.client.InternalHttpClient.doExecute(InternalHttpClient.java:184)
	at org.apache.http.impl.client.CloseableHttpClient.execute(CloseableHttpClient.java:71)
	at org.apache.http.impl.client.CloseableHttpClient.execute(CloseableHttpClient.java:55)
	at org.openqa.selenium.remote.internal.ApacheHttpClient.fallBackExecute(ApacheHttpClient.java:144)
	at org.openqa.selenium.remote.internal.ApacheHttpClient.execute(ApacheHttpClient.java:90)
	at org.openqa.selenium.remote.HttpCommandExecutor.execute(HttpCommandExecutor.java:142)
	at io.appium.java_client.remote.AppiumCommandExecutor.execute(AppiumCommandExecutor.java:64)
	... 41 more
Caused by: java.net.ConnectException: Connection refused: connect
	at java.net.DualStackPlainSocketImpl.waitForConnect(Native Method)
	at java.net.DualStackPlainSocketImpl.socketConnect(Unknown Source)
	at java.net.AbstractPlainSocketImpl.doConnect(Unknown Source)
	at java.net.AbstractPlainSocketImpl.connectToAddress(Unknown Source)
	at java.net.AbstractPlainSocketImpl.connect(Unknown Source)
	at java.net.PlainSocketImpl.connect(Unknown Source)
	at java.net.SocksSocketImpl.connect(Unknown Source)
	at java.net.Socket.connect(Unknown Source)
	at org.apache.http.conn.socket.PlainConnectionSocketFactory.connectSocket(PlainConnectionSocketFactory.java:74)
	at org.apache.http.impl.conn.DefaultHttpClientConnectionOperator.connect(DefaultHttpClientConnectionOperator.java:134)
	... 54 more
]]>
    </error>
  </testcase> <!-- Test5 -->
  <testcase name="Test3" time="1.004" classname="Test.TestForAppI30">
    <error type="org.openqa.selenium.remote.UnreachableBrowserException" message="Error communicating with the remote browser. It may have died.
Build info: version: &#039;2.53.0&#039;, revision: &#039;35ae25b&#039;, time: &#039;2016-03-15 16:57:40&#039;
System info: host: &#039;JYR&#039;, ip: &#039;192.168.1.67&#039;, os.name: &#039;Windows 8&#039;, os.arch: &#039;x86&#039;, os.version: &#039;6.2&#039;, java.version: &#039;1.7.0_25&#039;
Driver info: driver.version: AndroidDriver
Session ID: 7f735ab8-fbc5-4011-874b-25d96ba76037
Capabilities [{platform=ANDROID, app=E:\AndroidFiles\Workspace\DubbingShowAppiumTest\apps\dubbingshow.apk, javascriptEnabled=true, appActivity=com.happyteam.dubbingshow.ui.StartActivity, browserName=Android, autoLaunch=true, networkConnectionEnabled=true, noSign=noSign, desired={app=E:\AndroidFiles\Workspace\DubbingShowAppiumTest\apps\dubbingshow.apk, platform=ANDROID, appActivity=com.happyteam.dubbingshow.ui.StartActivity, autoLaunch=true, noSign=noSign, appPackage=com.happyteam.dubbingshow, noReset=true, newCommandTimeout=600, platformVersion=5.0.2, appWaitPackage=com.happyteam.dubbingshow, fullReset=false, deviceName=Ju, platformName=Android, appWaitActivity=com.happyteam.dubbingshow.ui.StartActivity, unicodeKeyboard=true}, locationContextEnabled=false, appPackage=com.happyteam.dubbingshow, noReset=true, newCommandTimeout=600, platformVersion=5.0.2, databaseEnabled=false, appWaitPackage=com.happyteam.dubbingshow, fullReset=false, platformName=Android, deviceName=Ju, appWaitActivity=com.happyteam.dubbingshow.ui.StartActivity, webStorageEnabled=false, unicodeKeyboard=true, warnings={}, takesScreenshot=true}]">
      <![CDATA[org.openqa.selenium.remote.UnreachableBrowserException: Error communicating with the remote browser. It may have died.
Build info: version: '2.53.0', revision: '35ae25b', time: '2016-03-15 16:57:40'
System info: host: 'JYR', ip: '192.168.1.67', os.name: 'Windows 8', os.arch: 'x86', os.version: '6.2', java.version: '1.7.0_25'
Driver info: driver.version: AndroidDriver
Session ID: 7f735ab8-fbc5-4011-874b-25d96ba76037
Capabilities [{platform=ANDROID, app=E:\AndroidFiles\Workspace\DubbingShowAppiumTest\apps\dubbingshow.apk, javascriptEnabled=true, appActivity=com.happyteam.dubbingshow.ui.StartActivity, browserName=Android, autoLaunch=true, networkConnectionEnabled=true, noSign=noSign, desired={app=E:\AndroidFiles\Workspace\DubbingShowAppiumTest\apps\dubbingshow.apk, platform=ANDROID, appActivity=com.happyteam.dubbingshow.ui.StartActivity, autoLaunch=true, noSign=noSign, appPackage=com.happyteam.dubbingshow, noReset=true, newCommandTimeout=600, platformVersion=5.0.2, appWaitPackage=com.happyteam.dubbingshow, fullReset=false, deviceName=Ju, platformName=Android, appWaitActivity=com.happyteam.dubbingshow.ui.StartActivity, unicodeKeyboard=true}, locationContextEnabled=false, appPackage=com.happyteam.dubbingshow, noReset=true, newCommandTimeout=600, platformVersion=5.0.2, databaseEnabled=false, appWaitPackage=com.happyteam.dubbingshow, fullReset=false, platformName=Android, deviceName=Ju, appWaitActivity=com.happyteam.dubbingshow.ui.StartActivity, webStorageEnabled=false, unicodeKeyboard=true, warnings={}, takesScreenshot=true}]
	at org.openqa.selenium.remote.RemoteWebDriver.execute(RemoteWebDriver.java:665)
	at io.appium.java_client.DefaultGenericMobileDriver.execute(DefaultGenericMobileDriver.java:43)
	at io.appium.java_client.AppiumDriver.execute(AppiumDriver.java:1)
	at io.appium.java_client.android.AndroidDriver.execute(AndroidDriver.java:1)
	at org.openqa.selenium.remote.RemoteWebDriver.findElement(RemoteWebDriver.java:363)
	at org.openqa.selenium.remote.RemoteWebDriver.findElementById(RemoteWebDriver.java:413)
	at io.appium.java_client.DefaultGenericMobileDriver.findElementById(DefaultGenericMobileDriver.java:59)
	at io.appium.java_client.AppiumDriver.findElementById(AppiumDriver.java:1)
	at io.appium.java_client.android.AndroidDriver.findElementById(AndroidDriver.java:1)
	at org.openqa.selenium.By$ById.findElement(By.java:218)
	at org.openqa.selenium.remote.RemoteWebDriver.findElement(RemoteWebDriver.java:355)
	at io.appium.java_client.DefaultGenericMobileDriver.findElement(DefaultGenericMobileDriver.java:51)
	at io.appium.java_client.AppiumDriver.findElement(AppiumDriver.java:1)
	at io.appium.java_client.android.AndroidDriver.findElement(AndroidDriver.java:1)
	at BaseClass.BaseFunc.enterSomeFunc(BaseFunc.java:123)
	at FuncTest.Dubbing.testCase07(Dubbing.java:202)
	at Test.TestForAppI30.Test3(TestForAppI30.java:95)
	at sun.reflect.NativeMethodAccessorImpl.invoke0(Native Method)
	at sun.reflect.NativeMethodAccessorImpl.invoke(Unknown Source)
	at sun.reflect.DelegatingMethodAccessorImpl.invoke(Unknown Source)
	at java.lang.reflect.Method.invoke(Unknown Source)
	at org.testng.internal.MethodInvocationHelper.invokeMethod(MethodInvocationHelper.java:85)
	at org.testng.internal.Invoker.invokeMethod(Invoker.java:639)
	at org.testng.internal.Invoker.invokeTestMethod(Invoker.java:816)
	at org.testng.internal.Invoker.invokeTestMethods(Invoker.java:1124)
	at org.testng.internal.TestMethodWorker.invokeTestMethods(TestMethodWorker.java:125)
	at org.testng.internal.TestMethodWorker.run(TestMethodWorker.java:108)
	at org.testng.TestRunner.privateRun(TestRunner.java:774)
	at org.testng.TestRunner.run(TestRunner.java:624)
	at org.testng.SuiteRunner.runTest(SuiteRunner.java:359)
	at org.testng.SuiteRunner.runSequentially(SuiteRunner.java:354)
	at org.testng.SuiteRunner.privateRun(SuiteRunner.java:312)
	at org.testng.SuiteRunner.run(SuiteRunner.java:261)
	at org.testng.SuiteRunnerWorker.runSuite(SuiteRunnerWorker.java:52)
	at org.testng.SuiteRunnerWorker.run(SuiteRunnerWorker.java:86)
	at org.testng.TestNG.runSuitesSequentially(TestNG.java:1215)
	at org.testng.TestNG.runSuitesLocally(TestNG.java:1140)
	at org.testng.TestNG.run(TestNG.java:1048)
	at org.testng.remote.RemoteTestNG.run(RemoteTestNG.java:112)
	at org.testng.remote.RemoteTestNG.initAndRun(RemoteTestNG.java:205)
	at org.testng.remote.RemoteTestNG.main(RemoteTestNG.java:176)
Caused by: org.openqa.selenium.WebDriverException: org.apache.http.conn.HttpHostConnectException: Connect to 0.0.0.0:4723 [/0.0.0.0] failed: Connection refused: connect
Build info: version: '2.53.0', revision: '35ae25b', time: '2016-03-15 16:57:40'
System info: host: 'JYR', ip: '192.168.1.67', os.name: 'Windows 8', os.arch: 'x86', os.version: '6.2', java.version: '1.7.0_25'
Driver info: driver.version: AndroidDriver
	at io.appium.java_client.remote.AppiumCommandExecutor.execute(AppiumCommandExecutor.java:76)
	at org.openqa.selenium.remote.RemoteWebDriver.execute(RemoteWebDriver.java:644)
	... 40 more
Caused by: org.apache.http.conn.HttpHostConnectException: Connect to 0.0.0.0:4723 [/0.0.0.0] failed: Connection refused: connect
	at org.apache.http.impl.conn.DefaultHttpClientConnectionOperator.connect(DefaultHttpClientConnectionOperator.java:151)
	at org.apache.http.impl.conn.PoolingHttpClientConnectionManager.connect(PoolingHttpClientConnectionManager.java:353)
	at org.apache.http.impl.execchain.MainClientExec.establishRoute(MainClientExec.java:380)
	at org.apache.http.impl.execchain.MainClientExec.execute(MainClientExec.java:236)
	at org.apache.http.impl.execchain.ProtocolExec.execute(ProtocolExec.java:184)
	at org.apache.http.impl.execchain.RetryExec.execute(RetryExec.java:88)
	at org.apache.http.impl.execchain.RedirectExec.execute(RedirectExec.java:110)
	at org.apache.http.impl.client.InternalHttpClient.doExecute(InternalHttpClient.java:184)
	at org.apache.http.impl.client.CloseableHttpClient.execute(CloseableHttpClient.java:71)
	at org.apache.http.impl.client.CloseableHttpClient.execute(CloseableHttpClient.java:55)
	at org.openqa.selenium.remote.internal.ApacheHttpClient.fallBackExecute(ApacheHttpClient.java:144)
	at org.openqa.selenium.remote.internal.ApacheHttpClient.execute(ApacheHttpClient.java:90)
	at org.openqa.selenium.remote.HttpCommandExecutor.execute(HttpCommandExecutor.java:142)
	at io.appium.java_client.remote.AppiumCommandExecutor.execute(AppiumCommandExecutor.java:64)
	... 41 more
Caused by: java.net.ConnectException: Connection refused: connect
	at java.net.DualStackPlainSocketImpl.waitForConnect(Native Method)
	at java.net.DualStackPlainSocketImpl.socketConnect(Unknown Source)
	at java.net.AbstractPlainSocketImpl.doConnect(Unknown Source)
	at java.net.AbstractPlainSocketImpl.connectToAddress(Unknown Source)
	at java.net.AbstractPlainSocketImpl.connect(Unknown Source)
	at java.net.PlainSocketImpl.connect(Unknown Source)
	at java.net.SocksSocketImpl.connect(Unknown Source)
	at java.net.Socket.connect(Unknown Source)
	at org.apache.http.conn.socket.PlainConnectionSocketFactory.connectSocket(PlainConnectionSocketFactory.java:74)
	at org.apache.http.impl.conn.DefaultHttpClientConnectionOperator.connect(DefaultHttpClientConnectionOperator.java:134)
	... 54 more
]]>
    </error>
  </testcase> <!-- Test3 -->
  <testcase name="Test4" time="1.003" classname="Test.TestForAppI30">
    <error type="org.openqa.selenium.remote.UnreachableBrowserException" message="Error communicating with the remote browser. It may have died.
Build info: version: &#039;2.53.0&#039;, revision: &#039;35ae25b&#039;, time: &#039;2016-03-15 16:57:40&#039;
System info: host: &#039;JYR&#039;, ip: &#039;192.168.1.67&#039;, os.name: &#039;Windows 8&#039;, os.arch: &#039;x86&#039;, os.version: &#039;6.2&#039;, java.version: &#039;1.7.0_25&#039;
Driver info: driver.version: AndroidDriver
Session ID: 7f735ab8-fbc5-4011-874b-25d96ba76037
Capabilities [{platform=ANDROID, app=E:\AndroidFiles\Workspace\DubbingShowAppiumTest\apps\dubbingshow.apk, javascriptEnabled=true, appActivity=com.happyteam.dubbingshow.ui.StartActivity, browserName=Android, autoLaunch=true, networkConnectionEnabled=true, noSign=noSign, desired={app=E:\AndroidFiles\Workspace\DubbingShowAppiumTest\apps\dubbingshow.apk, platform=ANDROID, appActivity=com.happyteam.dubbingshow.ui.StartActivity, autoLaunch=true, noSign=noSign, appPackage=com.happyteam.dubbingshow, noReset=true, newCommandTimeout=600, platformVersion=5.0.2, appWaitPackage=com.happyteam.dubbingshow, fullReset=false, deviceName=Ju, platformName=Android, appWaitActivity=com.happyteam.dubbingshow.ui.StartActivity, unicodeKeyboard=true}, locationContextEnabled=false, appPackage=com.happyteam.dubbingshow, noReset=true, newCommandTimeout=600, platformVersion=5.0.2, databaseEnabled=false, appWaitPackage=com.happyteam.dubbingshow, fullReset=false, platformName=Android, deviceName=Ju, appWaitActivity=com.happyteam.dubbingshow.ui.StartActivity, webStorageEnabled=false, unicodeKeyboard=true, warnings={}, takesScreenshot=true}]">
      <![CDATA[org.openqa.selenium.remote.UnreachableBrowserException: Error communicating with the remote browser. It may have died.
Build info: version: '2.53.0', revision: '35ae25b', time: '2016-03-15 16:57:40'
System info: host: 'JYR', ip: '192.168.1.67', os.name: 'Windows 8', os.arch: 'x86', os.version: '6.2', java.version: '1.7.0_25'
Driver info: driver.version: AndroidDriver
Session ID: 7f735ab8-fbc5-4011-874b-25d96ba76037
Capabilities [{platform=ANDROID, app=E:\AndroidFiles\Workspace\DubbingShowAppiumTest\apps\dubbingshow.apk, javascriptEnabled=true, appActivity=com.happyteam.dubbingshow.ui.StartActivity, browserName=Android, autoLaunch=true, networkConnectionEnabled=true, noSign=noSign, desired={app=E:\AndroidFiles\Workspace\DubbingShowAppiumTest\apps\dubbingshow.apk, platform=ANDROID, appActivity=com.happyteam.dubbingshow.ui.StartActivity, autoLaunch=true, noSign=noSign, appPackage=com.happyteam.dubbingshow, noReset=true, newCommandTimeout=600, platformVersion=5.0.2, appWaitPackage=com.happyteam.dubbingshow, fullReset=false, deviceName=Ju, platformName=Android, appWaitActivity=com.happyteam.dubbingshow.ui.StartActivity, unicodeKeyboard=true}, locationContextEnabled=false, appPackage=com.happyteam.dubbingshow, noReset=true, newCommandTimeout=600, platformVersion=5.0.2, databaseEnabled=false, appWaitPackage=com.happyteam.dubbingshow, fullReset=false, platformName=Android, deviceName=Ju, appWaitActivity=com.happyteam.dubbingshow.ui.StartActivity, webStorageEnabled=false, unicodeKeyboard=true, warnings={}, takesScreenshot=true}]
	at org.openqa.selenium.remote.RemoteWebDriver.execute(RemoteWebDriver.java:665)
	at io.appium.java_client.DefaultGenericMobileDriver.execute(DefaultGenericMobileDriver.java:43)
	at io.appium.java_client.AppiumDriver.execute(AppiumDriver.java:1)
	at io.appium.java_client.android.AndroidDriver.execute(AndroidDriver.java:1)
	at org.openqa.selenium.remote.RemoteWebDriver.findElement(RemoteWebDriver.java:363)
	at org.openqa.selenium.remote.RemoteWebDriver.findElementById(RemoteWebDriver.java:413)
	at io.appium.java_client.DefaultGenericMobileDriver.findElementById(DefaultGenericMobileDriver.java:59)
	at io.appium.java_client.AppiumDriver.findElementById(AppiumDriver.java:1)
	at io.appium.java_client.android.AndroidDriver.findElementById(AndroidDriver.java:1)
	at org.openqa.selenium.By$ById.findElement(By.java:218)
	at org.openqa.selenium.remote.RemoteWebDriver.findElement(RemoteWebDriver.java:355)
	at io.appium.java_client.DefaultGenericMobileDriver.findElement(DefaultGenericMobileDriver.java:51)
	at io.appium.java_client.AppiumDriver.findElement(AppiumDriver.java:1)
	at io.appium.java_client.android.AndroidDriver.findElement(AndroidDriver.java:1)
	at BaseClass.BaseFunc.enterSomeFunc(BaseFunc.java:123)
	at FuncTest.Dubbing.testCase08(Dubbing.java:242)
	at Test.TestForAppI30.Test4(TestForAppI30.java:102)
	at sun.reflect.NativeMethodAccessorImpl.invoke0(Native Method)
	at sun.reflect.NativeMethodAccessorImpl.invoke(Unknown Source)
	at sun.reflect.DelegatingMethodAccessorImpl.invoke(Unknown Source)
	at java.lang.reflect.Method.invoke(Unknown Source)
	at org.testng.internal.MethodInvocationHelper.invokeMethod(MethodInvocationHelper.java:85)
	at org.testng.internal.Invoker.invokeMethod(Invoker.java:639)
	at org.testng.internal.Invoker.invokeTestMethod(Invoker.java:816)
	at org.testng.internal.Invoker.invokeTestMethods(Invoker.java:1124)
	at org.testng.internal.TestMethodWorker.invokeTestMethods(TestMethodWorker.java:125)
	at org.testng.internal.TestMethodWorker.run(TestMethodWorker.java:108)
	at org.testng.TestRunner.privateRun(TestRunner.java:774)
	at org.testng.TestRunner.run(TestRunner.java:624)
	at org.testng.SuiteRunner.runTest(SuiteRunner.java:359)
	at org.testng.SuiteRunner.runSequentially(SuiteRunner.java:354)
	at org.testng.SuiteRunner.privateRun(SuiteRunner.java:312)
	at org.testng.SuiteRunner.run(SuiteRunner.java:261)
	at org.testng.SuiteRunnerWorker.runSuite(SuiteRunnerWorker.java:52)
	at org.testng.SuiteRunnerWorker.run(SuiteRunnerWorker.java:86)
	at org.testng.TestNG.runSuitesSequentially(TestNG.java:1215)
	at org.testng.TestNG.runSuitesLocally(TestNG.java:1140)
	at org.testng.TestNG.run(TestNG.java:1048)
	at org.testng.remote.RemoteTestNG.run(RemoteTestNG.java:112)
	at org.testng.remote.RemoteTestNG.initAndRun(RemoteTestNG.java:205)
	at org.testng.remote.RemoteTestNG.main(RemoteTestNG.java:176)
Caused by: org.openqa.selenium.WebDriverException: org.apache.http.conn.HttpHostConnectException: Connect to 0.0.0.0:4723 [/0.0.0.0] failed: Connection refused: connect
Build info: version: '2.53.0', revision: '35ae25b', time: '2016-03-15 16:57:40'
System info: host: 'JYR', ip: '192.168.1.67', os.name: 'Windows 8', os.arch: 'x86', os.version: '6.2', java.version: '1.7.0_25'
Driver info: driver.version: AndroidDriver
	at io.appium.java_client.remote.AppiumCommandExecutor.execute(AppiumCommandExecutor.java:76)
	at org.openqa.selenium.remote.RemoteWebDriver.execute(RemoteWebDriver.java:644)
	... 40 more
Caused by: org.apache.http.conn.HttpHostConnectException: Connect to 0.0.0.0:4723 [/0.0.0.0] failed: Connection refused: connect
	at org.apache.http.impl.conn.DefaultHttpClientConnectionOperator.connect(DefaultHttpClientConnectionOperator.java:151)
	at org.apache.http.impl.conn.PoolingHttpClientConnectionManager.connect(PoolingHttpClientConnectionManager.java:353)
	at org.apache.http.impl.execchain.MainClientExec.establishRoute(MainClientExec.java:380)
	at org.apache.http.impl.execchain.MainClientExec.execute(MainClientExec.java:236)
	at org.apache.http.impl.execchain.ProtocolExec.execute(ProtocolExec.java:184)
	at org.apache.http.impl.execchain.RetryExec.execute(RetryExec.java:88)
	at org.apache.http.impl.execchain.RedirectExec.execute(RedirectExec.java:110)
	at org.apache.http.impl.client.InternalHttpClient.doExecute(InternalHttpClient.java:184)
	at org.apache.http.impl.client.CloseableHttpClient.execute(CloseableHttpClient.java:71)
	at org.apache.http.impl.client.CloseableHttpClient.execute(CloseableHttpClient.java:55)
	at org.openqa.selenium.remote.internal.ApacheHttpClient.fallBackExecute(ApacheHttpClient.java:144)
	at org.openqa.selenium.remote.internal.ApacheHttpClient.execute(ApacheHttpClient.java:90)
	at org.openqa.selenium.remote.HttpCommandExecutor.execute(HttpCommandExecutor.java:142)
	at io.appium.java_client.remote.AppiumCommandExecutor.execute(AppiumCommandExecutor.java:64)
	... 41 more
Caused by: java.net.ConnectException: Connection refused: connect
	at java.net.DualStackPlainSocketImpl.waitForConnect(Native Method)
	at java.net.DualStackPlainSocketImpl.socketConnect(Unknown Source)
	at java.net.AbstractPlainSocketImpl.doConnect(Unknown Source)
	at java.net.AbstractPlainSocketImpl.connectToAddress(Unknown Source)
	at java.net.AbstractPlainSocketImpl.connect(Unknown Source)
	at java.net.PlainSocketImpl.connect(Unknown Source)
	at java.net.SocksSocketImpl.connect(Unknown Source)
	at java.net.Socket.connect(Unknown Source)
	at org.apache.http.conn.socket.PlainConnectionSocketFactory.connectSocket(PlainConnectionSocketFactory.java:74)
	at org.apache.http.impl.conn.DefaultHttpClientConnectionOperator.connect(DefaultHttpClientConnectionOperator.java:134)
	... 54 more
]]>
    </error>
  </testcase> <!-- Test4 -->
  <testcase name="Test2" time="364.898" classname="Test.TestForAppI30"/>
  <testcase name="Test1" time="316.825" classname="Test.TestForAppI30"/>
</testsuite> <!-- Test.TestForAppI30 -->
