<?xml version="1.0" encoding="UTF-8"?>
<!-- Generated by org.testng.reporters.JUnitReportReporter -->
<testsuite hostname="Recluse-PC" name="PersonalTest.AppiumTest" tests="1" failures="0" timestamp="7 Jul 2016 15:15:36 GMT" time="19.748" errors="0">
  <testcase name="test2" time="19.748" classname="PersonalTest.AppiumTest"/>
</testsuite> <!-- PersonalTest.AppiumTest -->
