<?xml version="1.0" encoding="UTF-8"?>
<!-- Generated by org.testng.reporters.JUnitReportReporter -->
<testsuite hostname="JYR" name="Test.AppiumTest" tests="1" failures="0" timestamp="9 Oct 2016 09:31:55 GMT" time="31.018" errors="0">
  <testcase name="Test1" time="31.018" classname="Test.AppiumTest"/>
</testsuite> <!-- Test.AppiumTest -->
