<?xml version="1.0" encoding="UTF-8"?>
<!-- Generated by org.testng.reporters.JUnitReportReporter -->
<testsuite hostname="Recluse-PC" name="Test.AppiumTest" tests="1" failures="0" timestamp="30 Jul 2016 14:35:00 GMT" time="50.772" errors="0">
  <testcase name="Test1" time="50.772" classname="Test.AppiumTest"/>
</testsuite> <!-- Test.AppiumTest -->
