<?xml version="1.0" encoding="UTF-8"?>
<!-- Generated by org.testng.reporters.JUnitReportReporter -->
<testsuite hostname="JYR" name="Test.AppiumTest" tests="1" failures="0" timestamp="5 Jul 2016 09:33:51 GMT" time="16.693" errors="1">
  <testcase name="Test1" time="16.693" classname="Test.AppiumTest">
    <error type="org.openqa.selenium.remote.UnreachableBrowserException" message="Error communicating with the remote browser. It may have died.
Build info: version: &#039;2.53.0&#039;, revision: &#039;35ae25b&#039;, time: &#039;2016-03-15 16:57:40&#039;
System info: host: &#039;JYR&#039;, ip: &#039;192.168.1.67&#039;, os.name: &#039;Windows 8&#039;, os.arch: &#039;x86&#039;, os.version: &#039;6.2&#039;, java.version: &#039;1.7.0_25&#039;
Driver info: driver.version: AndroidDriver
Session ID: 74bea775-5eee-4818-9c12-8c184447b890
Capabilities [{platform=LINUX, app=E:\AndroidFiles\Workspace\DubbingShowAppiumTest\apps\dubbingshow.apk, javascriptEnabled=true, appActivity=com.happyteam.dubbingshow.ui.StartActivity, browserName=Android, autoLaunch=true, networkConnectionEnabled=true, noSign=noSign, desired={app=E:\AndroidFiles\Workspace\DubbingShowAppiumTest\apps\dubbingshow.apk, appActivity=com.happyteam.dubbingshow.ui.StartActivity, autoLaunch=true, noSign=noSign, appPackage=com.happyteam.dubbingshow, noReset=true, newCommandTimeout=600, platformVersion=5.0.2, appWaitPackage=com.happyteam.dubbingshow, deviceName=Ju, platformName=Android, fullReset=false, appWaitActivity=com.happyteam.dubbingshow.ui.StartActivity, unicodeKeyboard=true}, locationContextEnabled=false, appPackage=com.happyteam.dubbingshow, noReset=true, newCommandTimeout=600, platformVersion=5.0.2, databaseEnabled=false, appWaitPackage=com.happyteam.dubbingshow, fullReset=false, platformName=Android, deviceName=Ju, appWaitActivity=com.happyteam.dubbingshow.ui.StartActivity, webStorageEnabled=false, unicodeKeyboard=true, warnings={}, takesScreenshot=true}]">
      <![CDATA[org.openqa.selenium.remote.UnreachableBrowserException: Error communicating with the remote browser. It may have died.
Build info: version: '2.53.0', revision: '35ae25b', time: '2016-03-15 16:57:40'
System info: host: 'JYR', ip: '192.168.1.67', os.name: 'Windows 8', os.arch: 'x86', os.version: '6.2', java.version: '1.7.0_25'
Driver info: driver.version: AndroidDriver
Session ID: 74bea775-5eee-4818-9c12-8c184447b890
Capabilities [{platform=LINUX, app=E:\AndroidFiles\Workspace\DubbingShowAppiumTest\apps\dubbingshow.apk, javascriptEnabled=true, appActivity=com.happyteam.dubbingshow.ui.StartActivity, browserName=Android, autoLaunch=true, networkConnectionEnabled=true, noSign=noSign, desired={app=E:\AndroidFiles\Workspace\DubbingShowAppiumTest\apps\dubbingshow.apk, appActivity=com.happyteam.dubbingshow.ui.StartActivity, autoLaunch=true, noSign=noSign, appPackage=com.happyteam.dubbingshow, noReset=true, newCommandTimeout=600, platformVersion=5.0.2, appWaitPackage=com.happyteam.dubbingshow, deviceName=Ju, platformName=Android, fullReset=false, appWaitActivity=com.happyteam.dubbingshow.ui.StartActivity, unicodeKeyboard=true}, locationContextEnabled=false, appPackage=com.happyteam.dubbingshow, noReset=true, newCommandTimeout=600, platformVersion=5.0.2, databaseEnabled=false, appWaitPackage=com.happyteam.dubbingshow, fullReset=false, platformName=Android, deviceName=Ju, appWaitActivity=com.happyteam.dubbingshow.ui.StartActivity, webStorageEnabled=false, unicodeKeyboard=true, warnings={}, takesScreenshot=true}]
	at org.openqa.selenium.remote.RemoteWebDriver.execute(RemoteWebDriver.java:665)
	at io.appium.java_client.DefaultGenericMobileDriver.execute(DefaultGenericMobileDriver.java:43)
	at io.appium.java_client.AppiumDriver.execute(AppiumDriver.java:1)
	at io.appium.java_client.android.AndroidDriver.execute(AndroidDriver.java:1)
	at Test.AppiumTest.Test1(AppiumTest.java:65)
	at sun.reflect.NativeMethodAccessorImpl.invoke0(Native Method)
	at sun.reflect.NativeMethodAccessorImpl.invoke(Unknown Source)
	at sun.reflect.DelegatingMethodAccessorImpl.invoke(Unknown Source)
	at java.lang.reflect.Method.invoke(Unknown Source)
	at org.testng.internal.MethodInvocationHelper.invokeMethod(MethodInvocationHelper.java:85)
	at org.testng.internal.Invoker.invokeMethod(Invoker.java:639)
	at org.testng.internal.Invoker.invokeTestMethod(Invoker.java:816)
	at org.testng.internal.Invoker.invokeTestMethods(Invoker.java:1124)
	at org.testng.internal.TestMethodWorker.invokeTestMethods(TestMethodWorker.java:125)
	at org.testng.internal.TestMethodWorker.run(TestMethodWorker.java:108)
	at org.testng.TestRunner.privateRun(TestRunner.java:774)
	at org.testng.TestRunner.run(TestRunner.java:624)
	at org.testng.SuiteRunner.runTest(SuiteRunner.java:359)
	at org.testng.SuiteRunner.runSequentially(SuiteRunner.java:354)
	at org.testng.SuiteRunner.privateRun(SuiteRunner.java:312)
	at org.testng.SuiteRunner.run(SuiteRunner.java:261)
	at org.testng.SuiteRunnerWorker.runSuite(SuiteRunnerWorker.java:52)
	at org.testng.SuiteRunnerWorker.run(SuiteRunnerWorker.java:86)
	at org.testng.TestNG.runSuitesSequentially(TestNG.java:1215)
	at org.testng.TestNG.runSuitesLocally(TestNG.java:1140)
	at org.testng.TestNG.run(TestNG.java:1048)
	at org.testng.remote.RemoteTestNG.run(RemoteTestNG.java:112)
	at org.testng.remote.RemoteTestNG.initAndRun(RemoteTestNG.java:205)
	at org.testng.remote.RemoteTestNG.main(RemoteTestNG.java:176)
Caused by: org.openqa.selenium.UnsupportedCommandException: mobile: keyevent
Build info: version: '2.53.0', revision: '35ae25b', time: '2016-03-15 16:57:40'
System info: host: 'JYR', ip: '192.168.1.67', os.name: 'Windows 8', os.arch: 'x86', os.version: '6.2', java.version: '1.7.0_25'
Driver info: driver.version: AndroidDriver
	at org.openqa.selenium.remote.http.JsonHttpCommandCodec.encode(JsonHttpCommandCodec.java:221)
	at org.openqa.selenium.remote.HttpCommandExecutor.execute(HttpCommandExecutor.java:139)
	at io.appium.java_client.remote.AppiumCommandExecutor.execute(AppiumCommandExecutor.java:64)
	at org.openqa.selenium.remote.RemoteWebDriver.execute(RemoteWebDriver.java:644)
	... 28 more
]]>
    </error>
  </testcase> <!-- Test1 -->
</testsuite> <!-- Test.AppiumTest -->
